#-----------------------------------------------------------
# Vivado v2018.1 (64-bit)
# SW Build 2188600 on Wed Apr  4 18:40:38 MDT 2018
# IP Build 2185939 on Wed Apr  4 20:55:05 MDT 2018
# Start of session at: Mon Oct  3 20:36:29 2022
# Process ID: 2364
# Current directory: H:/.shortcut-targets-by-id/1De7HpkMGflw3UwGAOUt9a3-PNFzbE-Ry/material_alumnos_2022/clase_1/vhdl_example/project_1
# Command line: vivado.exe -gui_launcher_event rodinguilauncherevent5236 H:\.shortcut-targets-by-id\1De7HpkMGflw3UwGAOUt9a3-PNFzbE-Ry\material_alumnos_2022\clase_1\vhdl_example\project_1\project_1.xpr
# Log file: H:/.shortcut-targets-by-id/1De7HpkMGflw3UwGAOUt9a3-PNFzbE-Ry/material_alumnos_2022/clase_1/vhdl_example/project_1/vivado.log
# Journal file: H:/.shortcut-targets-by-id/1De7HpkMGflw3UwGAOUt9a3-PNFzbE-Ry/material_alumnos_2022/clase_1/vhdl_example/project_1\vivado.jou
#-----------------------------------------------------------
Sourcing tcl script 'C:/Users/sesteva/AppData/Roaming/Xilinx/Vivado/Vivado_init.tcl'
start_gui
oeexit
INFO: [Common 17-206] Exiting Vivado at Mon Oct  3 20:37:14 2022...
aterial_alumnos_2022/clase_1/vhdl_example/project_1/project_1.xpr
INFO: [ProjectBase 1-489] The host OS only allows 260 characters in a normal path. The project is stored in a path with more than 80 characters. If you experience issues with IP, Block Designs, or files not being found, please consider moving the project to a location with a shorter path. Alternately consider using the OS subst command to map part of the path to a drive letter.
Current project path is 'H:/.shortcut-targets-by-id/1De7HpkMGflw3UwGAOUt9a3-PNFzbE-Ry/material_alumnos_2022/clase_1/vhdl_example/project_1'
INFO: [Project 1-313] Project file moved from '/home/glavigna/workspace/pds_2022/clase_1/vhdl_example/project_1' since last save.
ERROR: [BD 41-2004] The design in BD file 'design_1.bd' is empty. An error must have occurred while reading the file.
ERROR: [Project 1-208] No val for DA Elab Attr
Scanning sources...
Finished scanning sources
CRITICAL WARNING: [Project 1-192] Failed to load run synth_1. Strategy Vivado Synthesis Defaults (Vivado Synthesis 2020) not recognized by Vivado. 

CRITICAL WARNING: [Project 1-192] Failed to load run impl_1. Strategy Vivado Implementation Defaults (Vivado Implementation 2020) not recognized by Vivado. 

CRITICAL WARNING: [Project 1-532] XML ERROR: Project Option SimulatorInstallDirModelSim has no valid value
CRITICAL WARNING: [Project 1-532] XML ERROR: Project Option SimulatorInstallDirQuesta has no valid value
CRITICAL WARNING: [Project 1-532] XML ERROR: Project Option SimulatorInstallDirIES has no valid value
CRITICAL WARNING: [Project 1-532] XML ERROR: Project Option SimulatorInstallDirXcelium has no valid value
CRITICAL WARNING: [Project 1-532] XML ERROR: Project Option SimulatorInstallDirVCS has no valid value
CRITICAL WARNING: [Project 1-532] XML ERROR: Project Option SimulatorInstallDirRiviera has no valid value
CRITICAL WARNING: [Project 1-532] XML ERROR: Project Option SimulatorInstallDirActiveHdl has no valid value
CRITICAL WARNING: [Project 1-532] XML ERROR: Project Option SimulatorGccInstallDirModelSim has no valid value
CRITICAL WARNING: [Project 1-532] XML ERROR: Project Option SimulatorGccInstallDirQuesta has no valid value
CRITICAL WARNING: [Project 1-532] XML ERROR: Project Option SimulatorGccInstallDirIES has no valid value
CRITICAL WARNING: [Project 1-532] XML ERROR: Project Option SimulatorGccInstallDirXcelium has no valid value
CRITICAL WARNING: [Project 1-532] XML ERROR: Project Option SimulatorGccInstallDirVCS has no valid value
CRITICAL WARNING: [Project 1-532] XML ERROR: Project Option SimulatorGccInstallDirRiviera has no valid value
CRITICAL WARNING: [Project 1-532] XML ERROR: Project Option SimulatorGccInstallDirActiveHdl has no valid value
WARNING: [filemgmt 56-2] Board Part Repository Path: Could not find the directory 'H:/.shortcut-targets-by-id/.Xilinx/Vivado/vivado-boards-master/new/board_files', nor could it be found using path 'H:/home/glavigna/.Xilinx/Vivado/vivado-boards-master/new/board_files'.
CRITICAL WARNING: [Project 1-505] Unrecognized Option Name IPDefaultOutputPath
CRITICAL WARNING: [Project 1-505] Unrecognized Option Name MEMEnableMemoryMapGeneration
CRITICAL WARNING: [Project 1-505] Unrecognized Option Name DcpsUptoDate
CRITICAL WARNING: [Board 49-67] The board_part definition was not found for digilentinc.com:arty-z7-10:part0:1.1. This can happen sometimes when you use custom board part. You can resolve this issue by setting 'board.repoPaths' parameter, pointing to the location of custom board files. Valid board_part values can be retrieved with the 'get_board_parts' Tcl command.
WARNING: [BD 41-1663] The design 'design_1.bd' cannot be modified due to following reason(s):
* Project is read-only. Please run 'save_project_as' before making any change to the bd-design. 

WARNING: [Project 1-231] Project 'project_1.xpr' was created with a future version and may or may not perform reliably with this version of Vivado. It has been opened in read-only mode for the protection of unrecognized data. Use 'File | Save Project As...' if you wish to alter a copy of the project.
INFO: [IP_Flow 19-234] Refreshing IP repositories
INFO: [IP_Flow 19-1704] No user IP repositories specified
INFO: [IP_Flow 19-2313] Loaded Vivado IP repository 'C:/Xilinx/Vivado/2018.1/data/ip'.
open_project: Time (s): cpu = 00:00:17 ; elapsed = 00:00:16 . Memory (MB): peak = 808.504 ; gain = 74.758
ERROR: [Common 17-39] 'open_project' failed due to earlier errors.
update_compile_order -fileset sources_1
open_bd_design {H:/.shortcut-targets-by-id/1De7HpkMGflw3UwGAOUt9a3-PNFzbE-Ry/material_alumnos_2022/clase_1/vhdl_example/project_1/project_1.srcs/sources_1/bd/design_1/design_1.bd}
ERROR: [BD 41-469] Cannot find top attribute on <bd:repository> element in BD file
ERROR: [BD 41-1157] Failed to parse Design <design_1> from BD file <H:/.shortcut-targets-by-id/1De7HpkMGflw3UwGAOUt9a3-PNFzbE-Ry/material_alumnos_2022/clase_1/vhdl_example/project_1/project_1.srcs/sources_1/bd/design_1/design_1.bd>
ERROR: [BD 41-425] Failed to read Diagram <design_1> from BD file <H:/.shortcut-targets-by-id/1De7HpkMGflw3UwGAOUt9a3-PNFzbE-Ry/material_alumnos_2022/clase_1/vhdl_example/project_1/project_1.srcs/sources_1/bd/design_1/design_1.bd>
ERROR: [Common 17-39] 'open_bd_design' failed due to earlier errors.
exit
INFO: [Common 17-206] Exiting Vivado at Mon Oct  3 20:38:54 2022...
